<?xml version="1.0" encoding="UTF-8"?>
<!-- Generated by org.testng.reporters.JUnitXMLReporter -->
<testsuite ignored="0" hostname="RRS.local" failures="1" tests="1" name="Test" time="17.953" errors="0" timestamp="2023-05-04T01:02:25 IST">
  <testcase classname="testClasses.FlowBoyGirlsJeansTest" name="Verify_Product_Title_And_Price" time="8.978">
    <failure type="java.lang.AssertionError" message="The following asserts failed:
	expected [Kcoy Regular Boys Dark Blue Jeans] but found [Boys Regular Mid Rise Dark Blue Jeans],
	expected [₹178] but found [170]">
      <![CDATA[java.lang.AssertionError: The following asserts failed:
expected [Kcoy Regular Boys Dark Blue Jeans] but found [Boys Regular Mid Rise Dark Blue Jeans],
expected [₹178] but found [170]
at testClasses.FlowBoyGirlsJeansTest.Verify_Product_Title_And_Price(FlowBoyGirlsJeansTest.java:45)
at java.base/java.util.ArrayList.forEach(ArrayList.java:1511)
... Removed 27 stack frames]]>
    </failure>
  </testcase> <!-- Verify_Product_Title_And_Price -->
</testsuite> <!-- Test -->
