<?xml version="1.0" encoding="UTF-8"?>
<testng-results ignored="0" total="1" passed="0" failed="1" skipped="0">
  <reporter-output>
  </reporter-output>
  <suite started-at="2023-05-04T01:02:03 IST" name="Suite" finished-at="2023-05-04T01:02:20 IST" duration-ms="17953">
    <groups>
    </groups>
    <test started-at="2023-05-04T01:02:03 IST" name="Test" finished-at="2023-05-04T01:02:20 IST" duration-ms="17953">
      <class name="testClasses.FlowBoyGirlsJeansTest">
        <test-method is-config="true" signature="beforetest(java.lang.String)[pri:0, instance:testClasses.FlowBoyGirlsJeansTest@243c4f91]" started-at="2023-05-04T01:02:03 IST" name="beforetest" finished-at="2023-05-04T01:02:11 IST" duration-ms="8832" status="PASS">
          <params>
            <param index="0">
              <value>
                <![CDATA[chrome]]>
              </value>
            </param>
          </params>
          <reporter-output>
          </reporter-output>
        </test-method> <!-- beforetest -->
        <test-method is-config="true" signature="beforemethod()[pri:0, instance:testClasses.FlowBoyGirlsJeansTest@243c4f91]" started-at="2023-05-04T01:02:11 IST" name="beforemethod" finished-at="2023-05-04T01:02:11 IST" duration-ms="50" status="PASS">
          <reporter-output>
          </reporter-output>
        </test-method> <!-- beforemethod -->
        <test-method signature="Verify_Product_Title_And_Price()[pri:0, instance:testClasses.FlowBoyGirlsJeansTest@243c4f91]" started-at="2023-05-04T01:02:11 IST" name="Verify_Product_Title_And_Price" finished-at="2023-05-04T01:02:20 IST" duration-ms="8978" status="FAIL">
          <exception class="java.lang.AssertionError">
            <message>
              <![CDATA[The following asserts failed:
expected [Kcoy Regular Boys Dark Blue Jeans] but found [Boys Regular Mid Rise Dark Blue Jeans],
expected [₹178] but found [170]]]>
            </message>
            <full-stacktrace>
              <![CDATA[java.lang.AssertionError: The following asserts failed:
expected [Kcoy Regular Boys Dark Blue Jeans] but found [Boys Regular Mid Rise Dark Blue Jeans],
expected [₹178] but found [170]
at org.testng.asserts.SoftAssert.assertAll(SoftAssert.java:46)
at org.testng.asserts.SoftAssert.assertAll(SoftAssert.java:30)
at testClasses.FlowBoyGirlsJeansTest.Verify_Product_Title_And_Price(FlowBoyGirlsJeansTest.java:45)
at java.base/jdk.internal.reflect.DirectMethodHandleAccessor.invoke(DirectMethodHandleAccessor.java:104)
at java.base/java.lang.reflect.Method.invoke(Method.java:578)
at org.testng.internal.invokers.MethodInvocationHelper.invokeMethod(MethodInvocationHelper.java:139)
at org.testng.internal.invokers.TestInvoker.invokeMethod(TestInvoker.java:677)
at org.testng.internal.invokers.TestInvoker.invokeTestMethod(TestInvoker.java:221)
at org.testng.internal.invokers.MethodRunner.runInSequence(MethodRunner.java:50)
at org.testng.internal.invokers.TestInvoker$MethodInvocationAgent.invoke(TestInvoker.java:969)
at org.testng.internal.invokers.TestInvoker.invokeTestMethods(TestInvoker.java:194)
at org.testng.internal.invokers.TestMethodWorker.invokeTestMethods(TestMethodWorker.java:148)
at org.testng.internal.invokers.TestMethodWorker.run(TestMethodWorker.java:128)
at java.base/java.util.ArrayList.forEach(ArrayList.java:1511)
at org.testng.TestRunner.privateRun(TestRunner.java:829)
at org.testng.TestRunner.run(TestRunner.java:602)
at org.testng.SuiteRunner.runTest(SuiteRunner.java:437)
at org.testng.SuiteRunner.runSequentially(SuiteRunner.java:431)
at org.testng.SuiteRunner.privateRun(SuiteRunner.java:391)
at org.testng.SuiteRunner.run(SuiteRunner.java:330)
at org.testng.SuiteRunnerWorker.runSuite(SuiteRunnerWorker.java:52)
at org.testng.SuiteRunnerWorker.run(SuiteRunnerWorker.java:95)
at org.testng.TestNG.runSuitesSequentially(TestNG.java:1256)
at org.testng.TestNG.runSuitesLocally(TestNG.java:1176)
at org.testng.TestNG.runSuites(TestNG.java:1099)
at org.testng.TestNG.run(TestNG.java:1067)
at org.testng.remote.AbstractRemoteTestNG.run(AbstractRemoteTestNG.java:115)
at org.testng.remote.RemoteTestNG.initAndRun(RemoteTestNG.java:251)
at org.testng.remote.RemoteTestNG.main(RemoteTestNG.java:77)
]]>
            </full-stacktrace>
          </exception> <!-- java.lang.AssertionError -->
          <reporter-output>
          </reporter-output>
        </test-method> <!-- Verify_Product_Title_And_Price -->
      </class> <!-- testClasses.FlowBoyGirlsJeansTest -->
    </test> <!-- Test -->
  </suite> <!-- Suite -->
</testng-results>
